<?xml version="1.0" encoding="UTF-8"?>
<testsuite name="Scenario: Should be able to get the correct SKU for the first stock" tests="4" skipped="0" failures="0" errors="0" timestamp="2021-05-08T07:49:08" hostname="PC-TRAVAIL" time="0.013">
  <properties/>
  <testcase name="Given the application has been initialised with test data" classname="Scenario: Should be able to get the correct SKU for the first stock" time="0.0"/>
  <testcase name="When the client gets all stocks" classname="Scenario: Should be able to get the correct SKU for the first stock" time="0.0"/>
  <testcase name="Then the stock at index 0 will have the sku 12345678" classname="Scenario: Should be able to get the correct SKU for the first stock" time="0.0"/>
  <testcase name="classMethod" classname="Scenario: Should be able to get the correct SKU for the first stock" time="0.023"/>
  <system-out><![CDATA[2021-05-08 09:49:08.502  INFO 360776 --- [    Test worker] o.s.t.c.support.AbstractContextLoader    : Could not detect default resource locations for test class [functional.RestStepDefs]: no resource found for suffixes {-context.xml, Context.groovy}.
2021-05-08 09:49:08.506  INFO 360776 --- [    Test worker] .b.t.c.SpringBootTestContextBootstrapper : Loaded default TestExecutionListener class names from location [META-INF/spring.factories]: [org.springframework.boot.test.autoconfigure.restdocs.RestDocsTestExecutionListener, org.springframework.boot.test.autoconfigure.web.client.MockRestServiceServerResetTestExecutionListener, org.springframework.boot.test.autoconfigure.web.servlet.MockMvcPrintOnlyOnFailureTestExecutionListener, org.springframework.boot.test.autoconfigure.web.servlet.WebDriverTestExecutionListener, org.springframework.boot.test.autoconfigure.webservices.client.MockWebServiceServerTestExecutionListener, org.springframework.boot.test.mock.mockito.MockitoTestExecutionListener, org.springframework.boot.test.mock.mockito.ResetMocksTestExecutionListener, org.springframework.test.context.web.ServletTestExecutionListener, org.springframework.test.context.support.DirtiesContextBeforeModesTestExecutionListener, org.springframework.test.context.support.DependencyInjectionTestExecutionListener, org.springframework.test.context.support.DirtiesContextTestExecutionListener, org.springframework.test.context.transaction.TransactionalTestExecutionListener, org.springframework.test.context.jdbc.SqlScriptsTestExecutionListener, org.springframework.test.context.event.EventPublishingTestExecutionListener]
2021-05-08 09:49:08.507  INFO 360776 --- [    Test worker] .b.t.c.SpringBootTestContextBootstrapper : Using TestExecutionListeners: [org.springframework.test.context.web.ServletTestExecutionListener@29e81def, org.springframework.test.context.support.DirtiesContextBeforeModesTestExecutionListener@6ee6c615, org.springframework.boot.test.mock.mockito.MockitoTestExecutionListener@576aab00, org.springframework.boot.test.autoconfigure.SpringBootDependencyInjectionTestExecutionListener@716f1023, org.springframework.test.context.support.DirtiesContextTestExecutionListener@18016c84, org.springframework.test.context.transaction.TransactionalTestExecutionListener@408fc7ff, org.springframework.test.context.jdbc.SqlScriptsTestExecutionListener@42bf4645, org.springframework.test.context.event.EventPublishingTestExecutionListener@4bd8b839, org.springframework.boot.test.autoconfigure.restdocs.RestDocsTestExecutionListener@582e988a, org.springframework.boot.test.autoconfigure.web.client.MockRestServiceServerResetTestExecutionListener@66200c4f, org.springframework.boot.test.autoconfigure.web.servlet.MockMvcPrintOnlyOnFailureTestExecutionListener@5e95e3a0, org.springframework.boot.test.autoconfigure.web.servlet.WebDriverTestExecutionListener@5002813b, org.springframework.boot.test.autoconfigure.webservices.client.MockWebServiceServerTestExecutionListener@7c44b979, org.springframework.boot.test.mock.mockito.ResetMocksTestExecutionListener@1a6080ca]
]]></system-out>
  <system-err><![CDATA[]]></system-err>
</testsuite>
