<?xml version="1.0" encoding="UTF-8"?>
<testsuite name="functional.FunctionalTests" tests="0" skipped="0" failures="0" errors="0" timestamp="1970-01-01T00:00:00" hostname="PC-TRAVAIL" time="0.0">
  <properties/>
  <system-out><![CDATA[2021-05-08 09:49:08.245  INFO 360776 --- [o-auto-1-exec-1] o.a.c.c.C.[Tomcat].[localhost].[/]       : Initializing Spring DispatcherServlet 'dispatcherServlet'
2021-05-08 09:49:08.245  INFO 360776 --- [o-auto-1-exec-1] o.s.web.servlet.DispatcherServlet        : Initializing Servlet 'dispatcherServlet'
2021-05-08 09:49:08.259  INFO 360776 --- [o-auto-1-exec-1] o.s.web.servlet.DispatcherServlet        : Completed initialization in 14 ms
2021-05-08 09:49:08.284  INFO 360776 --- [o-auto-1-exec-1] u.c.d.d.s.resources.StockResource        : getStocks (All stocks)
2021-05-08 09:49:08.515  INFO 360776 --- [o-auto-1-exec-2] u.c.d.d.s.resources.StockResource        : getStocks (All stocks)

2 Scenarios (2 passed)
6 Steps (6 passed)
0m0,522s

]]></system-out>
  <system-err><![CDATA[]]></system-err>
</testsuite>
