<?xml version="1.0" encoding="UTF-8"?>
<testsuite name="uk.co.danielbryant.djshopping.stockmanager.ShopfrontApplicationTests" tests="1" skipped="0" failures="0" errors="0" timestamp="2021-05-08T07:49:09" hostname="PC-TRAVAIL" time="0.086">
  <properties/>
  <testcase name="contextLoads" classname="uk.co.danielbryant.djshopping.stockmanager.ShopfrontApplicationTests" time="0.086"/>
  <system-out><![CDATA[2021-05-08 09:49:08.544  INFO 360776 --- [    Test worker] .b.t.c.SpringBootTestContextBootstrapper : Neither @ContextConfiguration nor @ContextHierarchy found for test class [uk.co.danielbryant.djshopping.stockmanager.ShopfrontApplicationTests], using SpringBootContextLoader
2021-05-08 09:49:08.545  INFO 360776 --- [    Test worker] o.s.t.c.support.AbstractContextLoader    : Could not detect default resource locations for test class [uk.co.danielbryant.djshopping.stockmanager.ShopfrontApplicationTests]: no resource found for suffixes {-context.xml, Context.groovy}.
2021-05-08 09:49:08.548  INFO 360776 --- [    Test worker] .b.t.c.SpringBootTestContextBootstrapper : Loaded default TestExecutionListener class names from location [META-INF/spring.factories]: [org.springframework.boot.test.autoconfigure.restdocs.RestDocsTestExecutionListener, org.springframework.boot.test.autoconfigure.web.client.MockRestServiceServerResetTestExecutionListener, org.springframework.boot.test.autoconfigure.web.servlet.MockMvcPrintOnlyOnFailureTestExecutionListener, org.springframework.boot.test.autoconfigure.web.servlet.WebDriverTestExecutionListener, org.springframework.boot.test.autoconfigure.webservices.client.MockWebServiceServerTestExecutionListener, org.springframework.boot.test.mock.mockito.MockitoTestExecutionListener, org.springframework.boot.test.mock.mockito.ResetMocksTestExecutionListener, org.springframework.test.context.web.ServletTestExecutionListener, org.springframework.test.context.support.DirtiesContextBeforeModesTestExecutionListener, org.springframework.test.context.support.DependencyInjectionTestExecutionListener, org.springframework.test.context.support.DirtiesContextTestExecutionListener, org.springframework.test.context.transaction.TransactionalTestExecutionListener, org.springframework.test.context.jdbc.SqlScriptsTestExecutionListener, org.springframework.test.context.event.EventPublishingTestExecutionListener]
2021-05-08 09:49:08.549  INFO 360776 --- [    Test worker] .b.t.c.SpringBootTestContextBootstrapper : Using TestExecutionListeners: [org.springframework.test.context.web.ServletTestExecutionListener@4b7d2437, org.springframework.test.context.support.DirtiesContextBeforeModesTestExecutionListener@736a3822, org.springframework.boot.test.mock.mockito.MockitoTestExecutionListener@18069965, org.springframework.boot.test.autoconfigure.SpringBootDependencyInjectionTestExecutionListener@6df49878, org.springframework.test.context.support.DirtiesContextTestExecutionListener@4f8a556d, org.springframework.test.context.transaction.TransactionalTestExecutionListener@6d03df96, org.springframework.test.context.jdbc.SqlScriptsTestExecutionListener@41e2aee2, org.springframework.test.context.event.EventPublishingTestExecutionListener@81cc9fe, org.springframework.boot.test.autoconfigure.restdocs.RestDocsTestExecutionListener@1520c4ad, org.springframework.boot.test.autoconfigure.web.client.MockRestServiceServerResetTestExecutionListener@66ac46f0, org.springframework.boot.test.autoconfigure.web.servlet.MockMvcPrintOnlyOnFailureTestExecutionListener@326d7179, org.springframework.boot.test.autoconfigure.web.servlet.WebDriverTestExecutionListener@5c500df3, org.springframework.boot.test.autoconfigure.webservices.client.MockWebServiceServerTestExecutionListener@4fc6bf78, org.springframework.boot.test.mock.mockito.ResetMocksTestExecutionListener@4bd9ebb6]

  .   ____          _            __ _ _
 /\\ / ___'_ __ _ _(_)_ __  __ _ \ \ \ \
( ( )\___ | '_ | '_| | '_ \/ _` | \ \ \ \
 \\/  ___)| |_)| | | | | || (_| |  ) ) ) )
  '  |____| .__|_| |_|_| |_\__, | / / / /
 =========|_|==============|___/=/_/_/_/
 :: Spring Boot ::        (v2.3.7.RELEASE)

2021-05-08 09:49:08.589  INFO 360776 --- [    Test worker] u.c.d.d.s.ShopfrontApplicationTests      : Starting ShopfrontApplicationTests on PC-TRAVAIL with PID 360776 (started by sophie in /home/sophie/DevOps/ProjetAutonome/GitProjetAutonome/stockmanager)
2021-05-08 09:49:08.590  INFO 360776 --- [    Test worker] u.c.d.d.s.ShopfrontApplicationTests      : No active profile set, falling back to default profiles: default
2021-05-08 09:49:08.864  INFO 360776 --- [    Test worker] .s.d.r.c.RepositoryConfigurationDelegate : Bootstrapping Spring Data JPA repositories in DEFAULT mode.
2021-05-08 09:49:08.871  INFO 360776 --- [    Test worker] .s.d.r.c.RepositoryConfigurationDelegate : Finished Spring Data repository scanning in 7ms. Found 1 JPA repository interfaces.
2021-05-08 09:49:09.030  INFO 360776 --- [    Test worker] o.s.b.w.embedded.tomcat.TomcatWebServer  : Tomcat initialized with port(s): 0 (http)
2021-05-08 09:49:09.031  INFO 360776 --- [    Test worker] o.apache.catalina.core.StandardService   : Starting service [Tomcat]
2021-05-08 09:49:09.032  INFO 360776 --- [    Test worker] org.apache.catalina.core.StandardEngine  : Starting Servlet engine: [Apache Tomcat/9.0.41]
2021-05-08 09:49:09.049  INFO 360776 --- [    Test worker] o.a.c.c.C.[Tomcat-1].[localhost].[/]     : Initializing Spring embedded WebApplicationContext
2021-05-08 09:49:09.049  INFO 360776 --- [    Test worker] w.s.c.ServletWebServerApplicationContext : Root WebApplicationContext: initialization completed in 456 ms
2021-05-08 09:49:09.200  INFO 360776 --- [    Test worker] com.zaxxer.hikari.HikariDataSource       : HikariPool-2 - Starting...
2021-05-08 09:49:09.203  INFO 360776 --- [    Test worker] com.zaxxer.hikari.HikariDataSource       : HikariPool-2 - Start completed.
2021-05-08 09:49:09.212  INFO 360776 --- [    Test worker] o.hibernate.jpa.internal.util.LogHelper  : HHH000204: Processing PersistenceUnitInfo [name: default]
2021-05-08 09:49:09.217  INFO 360776 --- [    Test worker] org.hibernate.dialect.Dialect            : HHH000400: Using dialect: org.hibernate.dialect.H2Dialect
2021-05-08 09:49:09.242  INFO 360776 --- [    Test worker] o.h.e.t.j.p.i.JtaPlatformInitiator       : HHH000490: Using JtaPlatform implementation: [org.hibernate.engine.transaction.jta.platform.internal.NoJtaPlatform]
2021-05-08 09:49:09.243  INFO 360776 --- [    Test worker] j.LocalContainerEntityManagerFactoryBean : Initialized JPA EntityManagerFactory for persistence unit 'default'
2021-05-08 09:49:09.280  INFO 360776 --- [    Test worker] u.c.d.d.s.config.DataGenerator           : Generating synthetic data for demonstration purposes...
2021-05-08 09:49:09.302  INFO 360776 --- [    Test worker] u.c.d.d.s.config.DataGenerator           : ... data generation complete
2021-05-08 09:49:09.344  WARN 360776 --- [    Test worker] JpaBaseConfiguration$JpaWebConfiguration : spring.jpa.open-in-view is enabled by default. Therefore, database queries may be performed during view rendering. Explicitly configure spring.jpa.open-in-view to disable this warning
2021-05-08 09:49:09.454  INFO 360776 --- [    Test worker] o.s.s.concurrent.ThreadPoolTaskExecutor  : Initializing ExecutorService 'applicationTaskExecutor'
2021-05-08 09:49:09.683  INFO 360776 --- [    Test worker] o.s.b.a.e.web.EndpointLinksResolver      : Exposing 2 endpoint(s) beneath base path '/actuator'
2021-05-08 09:49:09.727  INFO 360776 --- [    Test worker] o.s.b.w.embedded.tomcat.TomcatWebServer  : Tomcat started on port(s): 37983 (http) with context path ''
2021-05-08 09:49:09.736  INFO 360776 --- [    Test worker] u.c.d.d.s.ShopfrontApplicationTests      : Started ShopfrontApplicationTests in 1.18 seconds (JVM running for 8.371)
]]></system-out>
  <system-err><![CDATA[]]></system-err>
</testsuite>
